<?xml version="1.0" encoding="UTF-8"?>
<!-- Generated by org.testng.reporters.JUnitReportReporter -->
<testsuite hostname="Chaithanya" failures="0" tests="1" name="com.runnerclass.Runner" time="12.732" errors="0" timestamp="07 Dec 2021 11:07:00 GMT" skipped="0">
  <testcase classname="com.runnerclass.Runner" name="feature" time="12.732"/>
</testsuite> <!-- com.runnerclass.Runner -->
